a11y-profile-manager-indicator			install
accountsservice					install
accountsservice-ubuntu-schemas			install
acl						install
acpi-support					install
acpid						install
activity-log-manager				install
adduser						install
adium-theme-ubuntu				install
adobe-flash-properties-gtk			install
adobe-flashplugin				install
adwaita-icon-theme				install
aglfn						install
aisleriot					install
alembic						install
alsa-base					install
alsa-tools-gui					install
alsa-topology-conf				install
alsa-ucm-conf					install
alsa-utils					install
amd64-microcode					install
anacron						install
apache2						deinstall
apache2-data					install
apache2-utils					install
apg						install
app-install-data-partner			install
apparmor					install
apport						install
apport-gtk					install
apport-symptoms					install
appstream					install
apt						install
apt-config-icons				install
apt-config-icons-hidpi				install
apt-transport-https				install
apt-utils					install
aptdaemon					install
aptdaemon-data					install
apturl						install
apturl-common					install
aspell						install
aspell-en					install
aspnetcore-runtime-3.1				install
aspnetcore-targeting-pack-3.1			install
at-spi2-core					install
aufs-tools					install
authbind					deinstall
autoconf					install
automake					install
autotools-dev					install
avahi-autoipd					install
avahi-daemon					install
avahi-utils					install
bamfdaemon					install
baobab						install
base-files					install
base-passwd					install
bash						install
bash-completion					install
bc						install
bind9-dnsutils					install
bind9-host					install
bind9-libs:amd64				install
binfmt-support					install
binutils					install
binutils-common:amd64				install
binutils-x86-64-linux-gnu			install
bluez						install
bluez-cups					install
bluez-obexd					install
bolt						install
branding-ubuntu					install
brave-browser					deinstall
brltty						install
browser-plugin-freshplayer-pepperflash		install
bsdmainutils					install
bsdutils					install
bubblewrap					install
build-essential					install
busybox-initramfs				install
busybox-static					install
bzip2						install
ca-certificates					install
ca-certificates-java				install
cabextract					install
cgroupfs-mount					install
cheese						install
cheese-common					install
chromium-codecs-ffmpeg-extra			install
cinnamon-desktop-data				install
cinnamon-l10n					install
clang-8						install
clang-format-8					install
clang-tidy-8					install
clang-tools-8					install
cmake						install
cmake-data					install
code						install
colord						install
colord-data					install
command-not-found				install
command-not-found-data				install
compiz						install
compiz-core					install
compiz-gnome					install
compiz-plugins-default:amd64			install
compton						install
console-setup					install
console-setup-linux				install
containerd.io					install
coreutils					install
cpio						install
cpp						install
cpp-7						install
cpp-9						install
cpu-checker					install
cracklib-runtime				install
crda						install
cron						install
cups						install
cups-browsed					install
cups-bsd					install
cups-client					install
cups-common					install
cups-core-drivers				install
cups-daemon					install
cups-filters					install
cups-filters-core-drivers			install
cups-ipp-utils					install
cups-pk-helper					install
cups-ppdc					install
cups-server-common				install
curl						install
dash						install
dbus						install
dbus-user-session				install
dbus-x11					install
dc						install
dconf-cli					install
dconf-gsettings-backend:amd64			install
dconf-service					install
debconf						install
debconf-i18n					install
debianutils					install
default-jdk					install
default-jdk-headless				install
default-jre					install
default-jre-headless				install
deja-dup					install
desktop-file-utils				install
dh-python					install
dictionaries-common				install
diffstat					install
diffutils					install
dirmngr						install
discord						install
distro-info-data				install
dkms						install
dmidecode					install
dmsetup						install
dmz-cursor-theme				install
dns-root-data					install
dnsmasq						install
dnsmasq-base					install
dnsutils					install
doc-base					install
docbook-xml					install
docker-ce					install
docker-ce-cli					install
dosfstools					install
dotnet-apphost-pack-3.1				install
dotnet-host					install
dotnet-hostfxr-3.1				install
dotnet-runtime-3.1				install
dotnet-runtime-deps-3.1				install
dotnet-sdk-3.1					install
dotnet-targeting-pack-3.1			install
doxygen						install
dpkg						install
dpkg-dev					install
duplicity					install
e2fsprogs					install
ed						install
efibootmgr					install
eject						install
emacsen-common					install
enchant						install
enchant-2					install
eog						install
epstool						install
espeak-ng-data:amd64				install
evince						install
evince-common					install
evolution-data-server				install
evolution-data-server-common			install
example-content					install
fakeroot					install
fdisk						install
feh						install
ffmpeg						install
file						install
file-roller					install
findutils					install
firefox						install
firefox-locale-ar				install
firefox-locale-en				install
folks-common					install
fontconfig					install
fontconfig-config				install
fonts-arabeyes					install
fonts-beng					install
fonts-beng-extra				install
fonts-dejavu-core				install
fonts-dejavu-extra				install
fonts-deva					install
fonts-deva-extra				install
fonts-droid-fallback				install
fonts-freefont-otf				install
fonts-freefont-ttf				install
fonts-gargi					install
fonts-gubbi					install
fonts-gujr					install
fonts-gujr-extra				install
fonts-guru					install
fonts-guru-extra				install
fonts-hosny-amiri				install
fonts-indic					install
fonts-kacst					install
fonts-kacst-one					install
fonts-kalapi					install
fonts-khmeros-core				install
fonts-knda					install
fonts-lao					install
fonts-lato					install
fonts-liberation				install
fonts-liberation2				install
fonts-lklug-sinhala				install
fonts-lohit-beng-assamese			install
fonts-lohit-beng-bengali			install
fonts-lohit-deva				install
fonts-lohit-gujr				install
fonts-lohit-guru				install
fonts-lohit-knda				install
fonts-lohit-mlym				install
fonts-lohit-orya				install
fonts-lohit-taml				install
fonts-lohit-taml-classical			install
fonts-lohit-telu				install
fonts-mlym					install
fonts-nakula					install
fonts-navilu					install
fonts-noto-cjk					install
fonts-noto-color-emoji				install
fonts-noto-mono					install
fonts-open-sans					install
fonts-opensymbol				install
fonts-orya					install
fonts-orya-extra				install
fonts-pagul					install
fonts-roboto-unhinted				install
fonts-sahadeva					install
fonts-samyak-deva				install
fonts-samyak-gujr				install
fonts-samyak-mlym				install
fonts-samyak-taml				install
fonts-sarai					install
fonts-sil-abyssinica				install
fonts-sil-padauk				install
fonts-sil-scheherazade				install
fonts-smc					install
fonts-smc-anjalioldlipi				install
fonts-smc-chilanka				install
fonts-smc-dyuthi				install
fonts-smc-gayathri				install
fonts-smc-karumbi				install
fonts-smc-keraleeyam				install
fonts-smc-manjari				install
fonts-smc-meera					install
fonts-smc-rachana				install
fonts-smc-raghumalayalamsans			install
fonts-smc-suruma				install
fonts-smc-uroob					install
fonts-taml					install
fonts-telu					install
fonts-telu-extra				install
fonts-thai-tlwg					install
fonts-tibetan-machine				install
fonts-tlwg-garuda				install
fonts-tlwg-garuda-ttf				install
fonts-tlwg-kinnari				install
fonts-tlwg-kinnari-ttf				install
fonts-tlwg-laksaman				install
fonts-tlwg-laksaman-ttf				install
fonts-tlwg-loma					install
fonts-tlwg-loma-ttf				install
fonts-tlwg-mono					install
fonts-tlwg-mono-ttf				install
fonts-tlwg-norasi				install
fonts-tlwg-norasi-ttf				install
fonts-tlwg-purisa				install
fonts-tlwg-purisa-ttf				install
fonts-tlwg-sawasdee				install
fonts-tlwg-sawasdee-ttf				install
fonts-tlwg-typewriter				install
fonts-tlwg-typewriter-ttf			install
fonts-tlwg-typist				install
fonts-tlwg-typist-ttf				install
fonts-tlwg-typo					install
fonts-tlwg-typo-ttf				install
fonts-tlwg-umpush				install
fonts-tlwg-umpush-ttf				install
fonts-tlwg-waree				install
fonts-tlwg-waree-ttf				install
fonts-ubuntu					install
fonts-urw-base35				install
fonts-yrsa-rasa					install
foomatic-db-compressed-ppds			install
fprintd						install
freepats					install
friendly-recovery				install
fritzing					deinstall
ftp						install
fuse						install
fwupd						install
fwupd-signed					install
fwupdate					install
fzf						install
g++						install
g++-7						install
g++-9						install
gamemode					install
gcc						install
gcc-10-base:amd64				install
gcc-10-base:i386				install
gcc-7						install
gcc-7-base:amd64				install
gcc-8-base:amd64				install
gcc-8-base:i386					install
gcc-9						install
gcc-9-base:amd64				install
gconf-service					install
gconf-service-backend				install
gconf2-common					install
gcr						install
gdb						install
gdbserver					install
gdebi						install
gdebi-core					install
gdisk						install
gdm3						install
geary						install
gedit						install
gedit-common					install
genisoimage					install
geoclue-2.0					install
geoip-database					install
gettext						install
gettext-base					install
gfortran					install
gfortran-7					install
gfortran-9					install
ghostscript					install
ghostscript-x					install
giblib1:amd64					install
gir1.2-accountsservice-1.0			install
gir1.2-appindicator3-0.1			install
gir1.2-atk-1.0:amd64				install
gir1.2-atspi-2.0:amd64				install
gir1.2-dbusmenu-glib-0.4:amd64			install
gir1.2-dee-1.0					install
gir1.2-freedesktop:amd64			install
gir1.2-gck-1:amd64				install
gir1.2-gcr-3:amd64				install
gir1.2-gdesktopenums-3.0:amd64			install
gir1.2-gdkpixbuf-2.0:amd64			install
gir1.2-gdm-1.0:amd64				install
gir1.2-geoclue-2.0:amd64			install
gir1.2-geocodeglib-1.0:amd64			install
gir1.2-glib-2.0:amd64				install
gir1.2-gmenu-3.0:amd64				install
gir1.2-gnomebluetooth-1.0:amd64			install
gir1.2-gnomedesktop-3.0:amd64			install
gir1.2-goa-1.0:amd64				install
gir1.2-graphene-1.0:amd64			install
gir1.2-gst-plugins-base-1.0:amd64		install
gir1.2-gstreamer-1.0:amd64			install
gir1.2-gtk-3.0:amd64				install
gir1.2-gtksource-3.0:amd64			install
gir1.2-gtksource-4:amd64			install
gir1.2-gudev-1.0:amd64				install
gir1.2-gweather-3.0:amd64			install
gir1.2-ibus-1.0:amd64				install
gir1.2-javascriptcoregtk-4.0:amd64		install
gir1.2-json-1.0:amd64				install
gir1.2-mutter-2:amd64				install
gir1.2-mutter-6:amd64				install
gir1.2-nm-1.0:amd64				install
gir1.2-nma-1.0:amd64				install
gir1.2-notify-0.7:amd64				install
gir1.2-packagekitglib-1.0			install
gir1.2-pango-1.0:amd64				install
gir1.2-peas-1.0:amd64				install
gir1.2-polkit-1.0				install
gir1.2-rb-3.0:amd64				install
gir1.2-rsvg-2.0:amd64				install
gir1.2-secret-1:amd64				install
gir1.2-snapd-1:amd64				install
gir1.2-soup-2.4:amd64				install
gir1.2-totem-1.0:amd64				install
gir1.2-totemplparser-1.0:amd64			install
gir1.2-udisks-2.0:amd64				install
gir1.2-unity-5.0:amd64				install
gir1.2-upowerglib-1.0:amd64			install
gir1.2-vte-2.91:amd64				install
gir1.2-webkit2-4.0:amd64			install
gir1.2-wnck-3.0:amd64				install
gist						install
git						install
git-man						install
gjs						install
gkbd-capplet					install
glib-networking:amd64				install
glib-networking-common				install
glib-networking-services			install
gnome-accessibility-themes			install
gnome-bluetooth					install
gnome-calculator				install
gnome-calendar					install
gnome-characters				install
gnome-control-center				install
gnome-control-center-data			install
gnome-control-center-faces			install
gnome-desktop3-data				install
gnome-disk-utility				install
gnome-font-viewer				install
gnome-getting-started-docs			install
gnome-icon-theme				install
gnome-initial-setup				install
gnome-keyring					install
gnome-keyring-pkcs11:amd64			install
gnome-logs					install
gnome-mahjongg					install
gnome-menus					install
gnome-mines					install
gnome-online-accounts				install
gnome-power-manager				install
gnome-screensaver				install
gnome-screenshot				install
gnome-session-bin				install
gnome-session-canberra				install
gnome-session-common				install
gnome-settings-daemon				install
gnome-settings-daemon-common			install
gnome-shell					install
gnome-shell-common				install
gnome-shell-extension-appindicator		install
gnome-shell-extension-desktop-icons		install
gnome-shell-extension-ubuntu-dock		install
gnome-software					install
gnome-software-common				install
gnome-software-plugin-snap			install
gnome-startup-applications			install
gnome-sudoku					install
gnome-system-log				install
gnome-system-monitor				install
gnome-system-tools				install
gnome-terminal					install
gnome-terminal-data				install
gnome-themes-extra:amd64			install
gnome-themes-extra-data				install
gnome-todo					install
gnome-todo-common				install
gnome-user-docs					install
gnome-user-guide				install
gnome-video-effects				install
gnupg						install
gnupg-l10n					install
gnupg-utils					install
gnuplot-data					install
gnuplot-qt					install
golang-1.10-go					install
golang-1.10-race-detector-runtime		install
golang-1.10-src					install
golang-1.13-go					install
golang-1.13-race-detector-runtime		install
golang-1.13-src					install
golang-go					install
golang-race-detector-runtime			install
golang-src					install
gpg						install
gpg-agent					install
gpg-wks-client					install
gpg-wks-server					install
gpgconf						install
gpgsm						install
gpgv						install
gpick						install
grep						install
grilo-plugins-0.3-base:amd64			install
groff-base					install
grub-common					install
grub-efi-amd64-bin				install
grub-efi-amd64-signed				install
grub-gfxpayload-lists				install
grub-pc						install
grub-pc-bin					install
grub2-common					install
gsettings-desktop-schemas			install
gsettings-ubuntu-schemas			install
gsfonts						install
gstreamer1.0-alsa:amd64				install
gstreamer1.0-clutter-3.0:amd64			install
gstreamer1.0-fluendo-mp3:amd64			install
gstreamer1.0-gl:amd64				install
gstreamer1.0-gtk3:amd64				install
gstreamer1.0-libav:amd64			install
gstreamer1.0-packagekit				install
gstreamer1.0-plugins-bad:amd64			install
gstreamer1.0-plugins-base:amd64			install
gstreamer1.0-plugins-base-apps			install
gstreamer1.0-plugins-good:amd64			install
gstreamer1.0-plugins-ugly:amd64			install
gstreamer1.0-pulseaudio:amd64			install
gstreamer1.0-tools				install
gstreamer1.0-vaapi:amd64			install
gstreamer1.0-x:amd64				install
gtk-update-icon-cache				install
gtk2-engines:amd64				install
gtk2-engines-murrine:amd64			install
gtk2-engines-pixbuf:amd64			install
gtk3-nocsd					install
gucharmap					install
guile-2.0-libs:amd64				install
guile-2.2-libs:amd64				install
gvfs:amd64					install
gvfs-backends					install
gvfs-bin					install
gvfs-common					install
gvfs-daemons					install
gvfs-fuse					install
gvfs-libs:amd64					install
gyp						install
gzip						install
hdparm						install
hicolor-icon-theme				install
hostname					install
hplip						install
hplip-data					install
hud						install
humanity-icon-theme				install
hunspell-ar					install
hunspell-en-au					install
hunspell-en-ca					install
hunspell-en-gb					install
hunspell-en-us					install
hunspell-en-za					install
hwdata						install
hwloc-nox					install
hyphen-en-ca					install
hyphen-en-gb					install
hyphen-en-us					install
i3-wm						install
i3lock						install
i3status					install
i965-va-driver:amd64				install
ibus						install
ibus-data					install
ibus-gtk:amd64					install
ibus-gtk3:amd64					install
ibus-table					install
ibverbs-providers:amd64				install
ifupdown					install
iio-sensor-proxy				install
im-config					install
imagemagick					install
imagemagick-6-common				install
imagemagick-6.q16				install
indicator-applet				install
indicator-application				install
indicator-appmenu				install
indicator-bluetooth				install
indicator-common				install
indicator-datetime				install
indicator-keyboard				install
indicator-messages				install
indicator-power					install
indicator-session				install
indicator-sound					install
info						install
init						install
init-system-helpers				install
initramfs-tools					install
initramfs-tools-bin				install
initramfs-tools-core				install
inputattach					install
install-info					install
intel-media-va-driver:amd64			install
intel-microcode					install
intltool-debian					install
ipmiutil					install
ippusbxd					install
iproute2					install
iptables					install
iputils-arping					install
iputils-ping					install
iputils-tracepath				install
ipxe-qemu					install
ipxe-qemu-256k-compat-efi-roms			install
irqbalance					install
isc-dhcp-client					install
isc-dhcp-common					install
iso-codes					install
iucode-tool					install
iw						install
java-common					install
javascript-common				install
jayatana					install
kbd						install
kerneloops					install
keyboard-configuration				install
klibc-utils					install
kmod						install
krb5-locales					install
language-pack-ar				install
language-pack-ar-base				install
language-pack-en				install
language-pack-en-base				install
language-pack-gnome-ar				install
language-pack-gnome-ar-base			install
language-pack-gnome-en				install
language-pack-gnome-en-base			install
language-selector-common			install
language-selector-gnome				install
laptop-detect					install
less						install
lib32gcc-s1					install
lib32gcc1					install
lib32stdc++6					install
lib32z1						install
liba11y-profile-manager-0.1-0:amd64		install
liba11y-profile-manager-data			install
liba52-0.7.4:amd64				install
libaa1:amd64					install
libaacs0:amd64					install
libabw-0.1-1:amd64				install
libaccounts-glib0:amd64				install
libaccountsservice0:amd64			install
libacl1:amd64					install
libaec0:amd64					install
libaio1:amd64					install
libalgorithm-diff-perl				install
libalgorithm-diff-xs-perl			install
libalgorithm-merge-perl				install
libamd2:amd64					install
libamtk-5-0:amd64				install
libamtk-5-common				install
libanyevent-i3-perl				install
libanyevent-perl				install
libao-common					install
libao4:amd64					install
libaom0:amd64					install
libaopalliance-java				install
libapache-pom-java				install
libapache2-mod-wsgi-py3				deinstall
libapparmor1:amd64				install
libappindicator1				install
libappindicator3-1				install
libappstream-glib8:amd64			install
libappstream4:amd64				install
libapr1:amd64					install
libaprutil1:amd64				install
libaprutil1-dbd-mysql:amd64			install
libaprutil1-ldap:amd64				install
libapt-pkg-perl					install
libapt-pkg6.0:amd64				install
libarchive-zip-perl				install
libarchive13:amd64				install
libargon2-0					install
libargon2-1:amd64				install
libaribb24-0:amd64				install
libarpack2:amd64				install
libart-2.0-2:amd64				install
libasan4:amd64					install
libasan5:amd64					install
libasn1-8-heimdal:amd64				install
libasound2:amd64				install
libasound2-data					install
libasound2-plugins:amd64			install
libaspell15:amd64				install
libass9:amd64					install
libassuan0:amd64				install
libasync-interrupt-perl				install
libasync-mergepoint-perl			install
libasyncns0:amd64				install
libatasmart4:amd64				install
libatinject-jsr330-api-java			install
libatk-adaptor:amd64				install
libatk-bridge2.0-0:amd64			install
libatk-wrapper-java				install
libatk-wrapper-java-jni:amd64			install
libatk1.0-0:amd64				install
libatk1.0-data					install
libatkmm-1.6-1v5:amd64				install
libatm1:amd64					install
libatomic1:amd64				install
libatopology2:amd64				install
libatspi2.0-0:amd64				install
libattr1:amd64					install
libaudio2:amd64					install
libaudit-common					install
libaudit1:amd64					install
libauthen-sasl-perl				install
libavahi-client3:amd64				install
libavahi-common-data:amd64			install
libavahi-common3:amd64				install
libavahi-core7:amd64				install
libavahi-glib1:amd64				install
libavahi-ui-gtk3-0:amd64			install
libavc1394-0:amd64				install
libavcodec-extra:amd64				install
libavcodec-extra57:amd64			install
libavcodec-extra58:amd64			install
libavdevice58:amd64				install
libavfilter7:amd64				install
libavformat57:amd64				install
libavformat58:amd64				install
libavresample3:amd64				install
libavresample4:amd64				install
libavutil55:amd64				install
libavutil56:amd64				install
libb-hooks-endofscope-perl			install
libb-hooks-op-check-perl			install
libbabeltrace1:amd64				install
libbamf3-2:amd64				install
libbasicusageenvironment1:amd64			install
libbdplus0:amd64				install
libbind9-160:amd64				install
libbinutils:amd64				install
libblas3:amd64					install
libblkid1:amd64					install
libblockdev-crypto2:amd64			install
libblockdev-fs2:amd64				install
libblockdev-loop2:amd64				install
libblockdev-part-err2:amd64			install
libblockdev-part2:amd64				install
libblockdev-swap2:amd64				install
libblockdev-utils2:amd64			install
libblockdev2:amd64				install
libbluetooth3:amd64				install
libbluray2:amd64				install
libboost-date-time1.65.1:amd64			install
libboost-date-time1.71.0:amd64			install
libboost-filesystem1.65.1:amd64			install
libboost-filesystem1.67.0:amd64			install
libboost-filesystem1.71.0:amd64			install
libboost-iostreams1.65.1:amd64			install
libboost-iostreams1.71.0:amd64			install
libboost-locale1.65.1:amd64			install
libboost-locale1.71.0:amd64			install
libboost-system1.65.1:amd64			install
libboost-system1.67.0:amd64			install
libboost-thread1.65.1:amd64			install
libboost-thread1.71.0:amd64			install
libbrlapi0.6:amd64				install
libbrlapi0.7:amd64				install
libbrotli1:amd64				install
libbs2b0:amd64					install
libbsd-dev:amd64				install
libbsd0:amd64					install
libbz2-1.0:amd64				install
libbz2-1.0:i386					install
libc++1:amd64					install
libc++1-10:amd64				install
libc++abi1:amd64				install
libc++abi1-10:amd64				install
libc-ares2:amd64				install
libc-bin					install
libc-dev-bin					install
libc6:amd64					install
libc6:i386					install
libc6-dbg:amd64					install
libc6-dev:amd64					install
libc6-i386					install
libcaca0:amd64					install
libcacard0:amd64				install
libcairo-gobject-perl				install
libcairo-gobject2:amd64				install
libcairo-perl					install
libcairo2:amd64					install
libcairomm-1.0-1v5:amd64			install
libcamd2:amd64					install
libcamel-1.2-61:amd64				install
libcamel-1.2-62:amd64				install
libcanberra-gtk3-0:amd64			install
libcanberra-gtk3-module:amd64			install
libcanberra-pulse:amd64				install
libcanberra0:amd64				install
libcap-ng0:amd64				install
libcap2:amd64					install
libcap2-bin					install
libcapture-tiny-perl				install
libcbor0.6:amd64				install
libcc1-0:amd64					install
libccolamd2:amd64				install
libcddb2					install
libcdi-api-java					install
libcdio-cdda2:amd64				install
libcdio-paranoia2:amd64				install
libcdio17:amd64					install
libcdio18:amd64					install
libcdparanoia0:amd64				install
libcdr-0.1-1:amd64				install
libcgi-fast-perl				install
libcgi-pm-perl					install
libcheese-gtk25:amd64				install
libcheese8:amd64				install
libcholmod3:amd64				install
libchromaprint1:amd64				install
libcilkrts5:amd64				install
libcinnamon-desktop4:amd64			install
libclang-common-8-dev				install
libclang1-10					install
libclang1-6.0					install
libclang1-8					install
libclass-accessor-perl				install
libclass-method-modifiers-perl			install
libclass-xsaccessor-perl			install
libclone-perl					install
libclucene-contribs1v5:amd64			install
libclucene-core1v5:amd64			install
libclutter-1.0-0:amd64				install
libclutter-1.0-common				install
libclutter-gst-3.0-0:amd64			install
libclutter-gtk-1.0-0:amd64			install
libcmis-0.5-5v5					install
libcodec2-0.9:amd64				install
libcogl-common					install
libcogl-pango20:amd64				install
libcogl-path20:amd64				install
libcogl20:amd64					install
libcolamd2:amd64				install
libcolord-gtk1:amd64				install
libcolord2:amd64				install
libcolorhug2:amd64				install
libcolumbus1-common				install
libcolumbus1v5:amd64				install
libcom-err2:amd64				install
libcommon-sense-perl				install
libcommons-cli-java				install
libcommons-io-java				install
libcommons-lang3-java				install
libcommons-parent-java				install
libcompizconfig0:amd64				install
libconfig9:amd64				install
libconfuse-common				install
libconfuse2:amd64				install
libcpanel-json-xs-perl				install
libcr-dev					install
libcr0						install
libcrack2:amd64					install
libcroco3:amd64					install
libcrypt-dev:amd64				install
libcrypt1:amd64					install
libcrypt1:i386					install
libcryptsetup12:amd64				install
libcrystalhd3:amd64				install
libctf-nobfd0:amd64				install
libctf0:amd64					install
libcue2:amd64					install
libcups2:amd64					install
libcupsfilters1:amd64				install
libcupsimage2:amd64				install
libcurl3-gnutls:amd64				install
libcurl4:amd64					install
libcxsparse3:amd64				install
libdaemon0:amd64				install
libdata-dump-perl				install
libdatrie1:amd64				install
libdazzle-1.0-0:amd64				install
libdb5.3:amd64					install
libdbus-1-3:amd64				install
libdbus-glib-1-2:amd64				install
libdbusmenu-glib4:amd64				install
libdbusmenu-gtk3-4:amd64			install
libdbusmenu-gtk4:amd64				install
libdbusmenu-qt5-2:amd64				install
libdc1394-22:amd64				install
libdca0:amd64					install
libdconf1:amd64					install
libde265-0:amd64				install
libdebconfclient0:amd64				install
libdecoration0:amd64				install
libdee-1.0-4:amd64				install
libdevel-callchecker-perl			install
libdevel-size-perl				install
libdevmapper1.02.1:amd64			install
libdigest-bubblebabble-perl			install
libdigest-hmac-perl				install
libdjvulibre-text				install
libdjvulibre21:amd64				install
libdmapsharing-3.0-2:amd64			install
libdns-export1109				install
libdns1100:amd64				install
libdotconf0:amd64				install
libdouble-conversion1:amd64			install
libdouble-conversion3:amd64			install
libdpkg-perl					install
libdrm-amdgpu1:amd64				install
libdrm-common					install
libdrm-intel1:amd64				install
libdrm-nouveau2:amd64				install
libdrm-radeon1:amd64				install
libdrm2:amd64					install
libdv4:amd64					install
libdvbpsi10:amd64				install
libdvdnav4:amd64				install
libdvdread4:amd64				install
libdvdread7:amd64				install
libdw1:amd64					install
libdynaloader-functions-perl			install
libe-book-0.1-1:amd64				install
libebackend-1.2-10:amd64			install
libebml4v5:amd64				install
libebook-1.2-20:amd64				install
libebook-contacts-1.2-3:amd64			install
libecal-1.2-19:amd64				install
libecal-2.0-1:amd64				install
libedata-book-1.2-26:amd64			install
libedata-cal-2.0-1:amd64			install
libedataserver-1.2-23:amd64			install
libedataserver-1.2-24:amd64			install
libedataserverui-1.2-2:amd64			install
libedit-dev:amd64				install
libedit2:amd64					install
libefiboot1:amd64				install
libefivar1:amd64				install
libegl-mesa0:amd64				install
libegl1:amd64					install
libegl1-mesa:amd64				install
libelf1:amd64					install
libemail-valid-perl				install
libemf1:amd64					install
libenchant-2-2:amd64				install
libenchant1c2a:amd64				install
libencode-locale-perl				install
libeot0:amd64					install
libepoxy0:amd64					install
libept1.6.0:amd64				install
libepubgen-0.1-1:amd64				install
liberror-perl					install
libespeak-ng1:amd64				install
libestr0:amd64					install
libetonyek-0.1-1:amd64				install
libev-perl					install
libev4:amd64					install
libevdev2:amd64					install
libevdocument3-4:amd64				install
libevent-2.1-7:amd64				install
libevent-core-2.1-6:amd64			install
libevent-core-2.1-7:amd64			install
libevent-pthreads-2.1-6:amd64			install
libevent-pthreads-2.1-7:amd64			install
libevview3-3:amd64				install
libexempi3:amd64				install
libexempi8:amd64				install
libexif12:amd64					install
libexiv2-14:amd64				install
libexiv2-27:amd64				install
libexpat1:amd64					install
libexpat1-dev:amd64				install
libexporter-tiny-perl				install
libext2fs2:amd64				install
libexttextcat-2.0-0:amd64			install
libexttextcat-data				install
libextutils-depends-perl			install
libextutils-pkgconfig-perl			install
libfaad2:amd64					install
libfakeroot:amd64				install
libfastjson4:amd64				install
libfcgi-perl					install
libfcitx-config4:amd64				install
libfcitx-gclient1:amd64				install
libfcitx-utils0:amd64				install
libfdisk1:amd64					install
libfdt1:amd64					install
libffi-dev:amd64				install
libffi6:amd64					install
libffi7:amd64					install
libfftw3-double3:amd64				install
libfftw3-single3:amd64				install
libfido2-1:amd64				install
libfile-basedir-perl				install
libfile-copy-recursive-perl			install
libfile-desktopentry-perl			install
libfile-fcntllock-perl				install
libfile-find-rule-perl				install
libfile-listing-perl				install
libfile-mimeinfo-perl				install
libflac8:amd64					install
libflite1:amd64					install
libfltk-gl1.3:amd64				install
libfltk1.1:amd64				install
libfltk1.3:amd64				install
libfluidsynth1:amd64				install
libfluidsynth2:amd64				install
libfolks-eds25:amd64				install
libfolks25:amd64				install
libfont-afm-perl				install
libfont-ttf-perl				install
libfontconfig1:amd64				install
libfontembed1:amd64				install
libfontenc1:amd64				install
libfprint-2-2:amd64				install
libframe6:amd64					install
libfreehand-0.1-1				install
libfreerdp-client2-2:amd64			install
libfreerdp2-2:amd64				install
libfreetype6:amd64				install
libfribidi0:amd64				install
libfuse2:amd64					install
libfuture-perl					install
libfwupd2:amd64					install
libfwupdplugin1:amd64				install
libgail-3-0:amd64				install
libgail-common:amd64				install
libgail18:amd64					install
libgamemode0					install
libgamemodeauto0				install
libgbm1:amd64					install
libgc1c2:amd64					install
libgcab-1.0-0:amd64				install
libgcc-7-dev:amd64				install
libgcc-8-dev:amd64				install
libgcc-9-dev:amd64				install
libgcc-s1:amd64					install
libgcc-s1:i386					install
libgcc1						install
libgck-1-0:amd64				install
libgconf-2-4:amd64				install
libgcr-base-3-1:amd64				install
libgcr-ui-3-1:amd64				install
libgcrypt20:amd64				install
libgd3:amd64					install
libgdata-common					install
libgdata22:amd64				install
libgdbm-compat4:amd64				install
libgdbm5:amd64					install
libgdbm6:amd64					install
libgdk-pixbuf2.0-0:amd64			install
libgdk-pixbuf2.0-bin				install
libgdk-pixbuf2.0-common				install
libgdm1						install
libgee-0.8-2:amd64				install
libgeis1:amd64					install
libgeoclue-2-0:amd64				install
libgeocode-glib0:amd64				install
libgeoip1:amd64					install
libgeonames-common				install
libgeonames0:amd64				install
libgeronimo-annotation-1.3-spec-java		install
libgeronimo-interceptor-3.0-spec-java		install
libgexiv2-2:amd64				install
libgfortran-7-dev:amd64				install
libgfortran-9-dev:amd64				install
libgfortran4:amd64				install
libgfortran5:amd64				install
libgif7:amd64					install
libgirepository-1.0-1:amd64			install
libgjs0g:amd64					install
libgl1:amd64					install
libgl1-mesa-dri:amd64				install
libgl1-mesa-glx:amd64				install
libgl2ps1.4					install
libglapi-mesa:amd64				install
libgles2:amd64					install
libglewmx1.13:amd64				install
libglib-object-introspection-perl		install
libglib-perl:amd64				install
libglib2.0-0:amd64				install
libglib2.0-bin					install
libglib2.0-data					install
libglibmm-2.4-1v5:amd64				install
libglpk40:amd64					install
libglu1-mesa:amd64				install
libglvnd0:amd64					install
libglx-mesa0:amd64				install
libglx0:amd64					install
libgme0:amd64					install
libgmime-3.0-0:amd64				install
libgmp-dev:amd64				install
libgmp10:amd64					install
libgmpxx4ldbl:amd64				install
libgnome-autoar-0-0:amd64			install
libgnome-bluetooth13:amd64			install
libgnome-desktop-3-17:amd64			install
libgnome-desktop-3-19:amd64			install
libgnome-games-support-1-3:amd64		install
libgnome-games-support-common			install
libgnome-menu-3-0:amd64				install
libgnome-panel0					install
libgnome-todo					install
libgnomekbd-common				install
libgnomekbd8:amd64				install
libgnutls30:amd64				install
libgoa-1.0-0b:amd64				install
libgoa-1.0-common				install
libgoa-backend-1.0-1:amd64			install
libgom-1.0-0:amd64				install
libgomp1:amd64					install
libgpg-error-l10n				install
libgpg-error0:amd64				install
libgpgme11:amd64				install
libgpgmepp6:amd64				install
libgphoto2-6:amd64				install
libgphoto2-l10n					install
libgphoto2-port12:amd64				install
libgpm2:amd64					install
libgpm2:i386					install
libgpod-common					install
libgpod4:amd64					install
libgrail6:amd64					install
libgraphene-1.0-0:amd64				install
libgraphicsmagick++-q16-12			install
libgraphicsmagick-q16-3				install
libgraphite2-3:amd64				install
libgrilo-0.3-0:amd64				install
libgroupsock8:amd64				install
libgs9:amd64					install
libgs9-common					install
libgsettings-qt1:amd64				install
libgsf-1-114:amd64				install
libgsf-1-common					install
libgsm1:amd64					install
libgsoap-2.8.60:amd64				install
libgsoap-2.8.91:amd64				install
libgsound0:amd64				install
libgspell-1-1:amd64				install
libgspell-1-2:amd64				install
libgspell-1-common				install
libgssapi-krb5-2:amd64				install
libgssapi3-heimdal:amd64			install
libgssdp-1.0-3:amd64				install
libgssdp-1.2-0:amd64				install
libgstreamer-gl1.0-0:amd64			install
libgstreamer-plugins-bad1.0-0:amd64		install
libgstreamer-plugins-base1.0-0:amd64		install
libgstreamer-plugins-good1.0-0:amd64		install
libgstreamer1.0-0:amd64				install
libgtk-3-0:amd64				install
libgtk-3-bin					install
libgtk-3-common					install
libgtk2-perl					install
libgtk2.0-0:amd64				install
libgtk2.0-bin					install
libgtk2.0-common				install
libgtk3-nocsd0:amd64				install
libgtk3-perl					install
libgtkmm-3.0-1v5:amd64				install
libgtksourceview-3.0-1:amd64			install
libgtksourceview-3.0-common			install
libgtksourceview-4-0:amd64			install
libgtksourceview-4-common			install
libgtop-2.0-11:amd64				install
libgtop2-common					install
libguard-perl					install
libguava-java					install
libgucharmap-2-90-7:amd64			install
libgudev-1.0-0:amd64				install
libguice-java					install
libgupnp-1.0-4:amd64				install
libgupnp-1.2-0:amd64				install
libgupnp-av-1.0-2				install
libgupnp-dlna-2.0-3				install
libgupnp-igd-1.0-4:amd64			install
libgusb2:amd64					install
libgutenprint-common				install
libgutenprint2					install
libgutenprint9					install
libgweather-3-15:amd64				install
libgweather-3-16:amd64				install
libgweather-common				install
libgxps2:amd64					install
libhandy-0.0-0:amd64				install
libharfbuzz-icu0:amd64				install
libharfbuzz0b:amd64				install
libhawtjni-runtime-java				install
libhcrypto4-heimdal:amd64			install
libhdf5-103:amd64				install
libheimbase1-heimdal:amd64			install
libheimntlm0-heimdal:amd64			install
libhogweed4:amd64				install
libhogweed5:amd64				install
libhpmud0:amd64					install
libhtml-form-perl				install
libhtml-format-perl				install
libhtml-parser-perl				install
libhtml-tagset-perl				install
libhtml-tree-perl				install
libhttp-cookies-perl				install
libhttp-daemon-perl				install
libhttp-date-perl				install
libhttp-message-perl				install
libhttp-negotiate-perl				install
libhttp-parser2.7.1:amd64			install
libhunspell-1.6-0:amd64				install
libhunspell-1.7-0:amd64				install
libhwloc-plugins:amd64				install
libhwloc15:amd64				install
libhwloc5:amd64					install
libhx509-5-heimdal:amd64			install
libhyphen0:amd64				install
libibus-1.0-5:amd64				install
libibverbs1:amd64				install
libical3:amd64					install
libice-dev:amd64				install
libice6:amd64					install
libicu60:amd64					install
libicu66:amd64					install
libid3tag0:amd64				install
libidn11:amd64					install
libidn2-0:amd64					install
libidn2-0:i386					install
libido3-0.1-0:amd64				install
libiec61883-0:amd64				install
libieee1284-3:amd64				install
libigdgmm11:amd64				install
libijs-0.35:amd64				install
libilmbase12:amd64				install
libilmbase24:amd64				install
libimagequant0:amd64				install
libimlib2:amd64					install
libimobiledevice6:amd64				install
libimport-into-perl				install
libindicator3-7					install
libindicator7					install
libinput-bin					install
libinput10:amd64				install
libinstpatch-1.0-2:amd64			install
libio-async-loop-epoll-perl			install
libio-async-perl				install
libio-html-perl					install
libio-pty-perl					install
libio-socket-inet6-perl				install
libio-socket-ssl-perl				install
libio-string-perl				install
libio-stringy-perl				install
libip4tc0:amd64					install
libip4tc2:amd64					install
libip6tc0:amd64					install
libip6tc2:amd64					install
libipc-run-perl					install
libipc-system-simple-perl			install
libiptc0:amd64					install
libirs160:amd64					install
libisc-export1105:amd64				install
libisc-export169:amd64				install
libisc169:amd64					install
libisccc160:amd64				install
libisccfg160:amd64				install
libiscsi7:amd64					install
libisl19:amd64					install
libisl22:amd64					install
libitm1:amd64					install
libiw30:amd64					install
libixml10:amd64					install
libjack-jackd2-0:amd64				install
libjansi-java					install
libjansi-native-java				install
libjansson4:amd64				install
libjavascriptcoregtk-4.0-18:amd64		install
libjbig0:amd64					install
libjbig2dec0:amd64				install
libjline2-java					install
libjpeg-progs					install
libjpeg-turbo8:amd64				install
libjpeg8:amd64					install
libjpeg9:amd64					install
libjs-async					install
libjs-inherits					install
libjs-is-typedarray				install
libjs-jquery					install
libjs-node-uuid					install
libjs-psl					install
libjs-sphinxdoc					install
libjs-typedarray-to-buffer			install
libjs-underscore				install
libjson-c3:amd64				install
libjson-c4:amd64				install
libjson-glib-1.0-0:amd64			install
libjson-glib-1.0-common				install
libjson-maybexs-perl				install
libjson-xs-perl					install
libjsoncpp1:amd64				install
libjsr305-java					install
libjuh-java					install
libjurt-java					install
libk5crypto3:amd64				install
libkate1:amd64					install
libkeyutils1:amd64				install
libklibc:amd64					install
libkmod2:amd64					install
libkpathsea6:amd64				install
libkrb5-26-heimdal:amd64			install
libkrb5-3:amd64					install
libkrb5support0:amd64				install
libksba8:amd64					install
liblangtag-common				install
liblangtag1:amd64				install
liblapack3:amd64				install
liblcms2-2:amd64				install
liblcms2-utils					install
libldap-2.4-2:amd64				install
libldap-common					install
libldb2:amd64					install
liblightdm-gobject-1-0:amd64			install
liblilv-0-0:amd64				install
liblinear3:amd64				install
liblinear4:amd64				install
liblinux-epoll-perl				install
liblirc-client0:amd64				install
liblist-compare-perl				install
liblist-moreutils-perl				install
liblivemedia77:amd64				install
libllvm10:amd64					install
libllvm11:amd64					install
libllvm6.0:amd64				install
libllvm8:amd64					install
libllvm9:amd64					install
liblmdb0:amd64					install
liblocale-gettext-perl				install
liblouis-data					install
liblouis14:amd64				install
liblouis20:amd64				install
liblouisutdml-bin				install
liblouisutdml-data				install
liblouisutdml8:amd64				install
liblouisutdml9:amd64				install
liblqr-1-0:amd64				install
liblsan0:amd64					install
libltdl-dev:amd64				install
libltdl7:amd64					install
liblua5.2-0:amd64				install
liblua5.3-0:amd64				install
liblwp-mediatypes-perl				install
liblwp-protocol-https-perl			install
liblz4-1:amd64					install
liblzma5:amd64					install
liblzo2-2:amd64					install
libmad0:amd64					install
libmagic-mgc					install
libmagic1:amd64					install
libmagick++-6.q16-7:amd64			install
libmagick++-6.q16-8:amd64			install
libmagickcore-6.q16-3:amd64			install
libmagickcore-6.q16-6:amd64			install
libmagickcore-6.q16-6-extra:amd64		install
libmagickwand-6.q16-3:amd64			install
libmagickwand-6.q16-6:amd64			install
libmailtools-perl				install
libmatroska6v5:amd64				install
libmaven-parent-java				install
libmaven-resolver-java				install
libmaven-shared-utils-java			install
libmaven3-core-java				install
libmaxminddb0:amd64				install
libmbim-glib4:amd64				install
libmbim-proxy					install
libmediaart-2.0-0:amd64				install
libmessaging-menu0:amd64			install
libmetacity1:amd64				install
libmetis5:amd64					install
libmhash2:amd64					install
libmicrodns0:amd64				install
libminiupnpc10:amd64				install
libminiupnpc17:amd64				install
libmjpegutils-2.1-0:amd64			install
libmm-glib0:amd64				install
libmms0:amd64					install
libmnl0:amd64					install
libmodplug1:amd64				install
libmodule-implementation-perl			install
libmodule-runtime-perl				install
libmoo-perl					install
libmoox-aliases-perl				install
libmount1:amd64					install
libmozjs-52-0:amd64				install
libmozjs-68-0:amd64				install
libmp3lame0:amd64				install
libmpc3:amd64					install
libmpcdec6:amd64				install
libmpdec2:amd64					install
libmpeg2-4:amd64				install
libmpeg2encpp-2.1-0:amd64			install
libmpfr6:amd64					install
libmpg123-0:amd64				install
libmpich-dev:amd64				install
libmpich12:amd64				install
libmplex2-2.1-0:amd64				install
libmpx2:amd64					install
libmspack0:amd64				install
libmspub-0.1-1:amd64				install
libmtdev1:amd64					install
libmtp-common					install
libmtp-runtime					install
libmtp9:amd64					install
libmutter-2-0:amd64				install
libmutter-6-0:amd64				install
libmwaw-0.3-3:amd64				install
libmysofa0:amd64				install
libmysofa1:amd64				install
libmysqlclient21:amd64				install
libmythes-1.2-0:amd64				install
libnamespace-clean-perl				install
libnatpmp1:amd64				install
libnautilus-extension1a:amd64			install
libncurses-dev:amd64				install
libncurses5:amd64				install
libncurses5:i386				install
libncurses6:amd64				install
libncursesw5:amd64				install
libncursesw6:amd64				install
libndp0:amd64					install
libnemo-extension1:amd64			install
libneon27-gnutls:amd64				install
libnet-dbus-perl				install
libnet-dns-perl					install
libnet-dns-sec-perl				install
libnet-domain-tld-perl				install
libnet-http-perl				install
libnet-ip-perl					install
libnet-libidn-perl				install
libnet-smtp-ssl-perl				install
libnet-ssleay-perl				install
libnetfilter-conntrack3:amd64			install
libnetpbm10					install
libnetplan0:amd64				install
libnettle6:amd64				install
libnettle7:amd64				install
libnewt0.52:amd64				install
libnfnetlink0:amd64				install
libnfs11:amd64					install
libnfs13:amd64					install
libnftnl11:amd64				install
libnghttp2-14:amd64				install
libnice10:amd64					install
libnih1:amd64					install
libnl-3-200:amd64				install
libnl-genl-3-200:amd64				install
libnl-route-3-200:amd64				install
libnm0:amd64					install
libnma0:amd64					install
libnode-dev:amd64				install
libnode64:amd64					install
libnorm1:amd64					install
libnotify-bin					install
libnotify4:amd64				install
libnpth0:amd64					install
libnspr4:amd64					install
libnss-mdns:amd64				install
libnss-myhostname:amd64				install
libnss-systemd:amd64				install
libnss3:amd64					install
libntfs-3g883					install
libnuma1:amd64					install
libnumber-compare-perl				install
libnux-4.0-0					install
libnux-4.0-common				install
liboauth0:amd64					install
libobjc-8-dev:amd64				install
libobjc4:amd64					install
liboctave7:amd64				install
libodfgen-0.1-1:amd64				install
libofa0:amd64					install
libogg0:amd64					install
libomp-8-dev					install
libomp5-8:amd64					install
liboobs-1-5:amd64				install
libopenal-data					install
libopenal1:amd64				install
libopenblas0:amd64				install
libopenblas0-pthread:amd64			install
libopencore-amrnb0:amd64			install
libopencore-amrwb0:amd64			install
libopenexr22:amd64				install
libopenexr24:amd64				install
libopenjp2-7:amd64				install
libopenmpt-modplug1:amd64			install
libopenmpt0:amd64				install
libopus0:amd64					install
liborc-0.4-0:amd64				install
liborcus-0.13-0:amd64				install
liborcus-0.15-0:amd64				install
libosmesa6:amd64				install
libossp-uuid16:amd64				install
libp11-kit0:amd64				install
libpackage-stash-perl				install
libpackage-stash-xs-perl			install
libpackagekit-glib2-18:amd64			install
libpagemaker-0.0-0:amd64			install
libpam-cap:amd64				install
libpam-fprintd:amd64				install
libpam-gnome-keyring:amd64			install
libpam-modules:amd64				install
libpam-modules-bin				install
libpam-runtime					install
libpam-systemd:amd64				install
libpam0g:amd64					install
libpango-1.0-0:amd64				install
libpango-perl					install
libpangocairo-1.0-0:amd64			install
libpangoft2-1.0-0:amd64				install
libpangomm-1.4-1v5:amd64			install
libpangoxft-1.0-0:amd64				install
libpaper-utils					install
libpaper1:amd64					install
libparams-classify-perl				install
libparse-debianchangelog-perl			install
libparted-fs-resize0:amd64			install
libparted2:amd64				install
libpath-tiny-perl				install
libpcap0.8:amd64				install
libpcaudio0:amd64				install
libpci3:amd64					install
libpciaccess0:amd64				install
libpcre2-16-0:amd64				install
libpcre2-32-0:amd64				install
libpcre2-8-0:amd64				install
libpcre3:amd64					install
libpcsclite1:amd64				install
libpeas-1.0-0:amd64				install
libpeas-common					install
libperl4-corelibs-perl				install
libperl5.30:amd64				install
libperlio-gzip-perl				install
libpfm4:amd64					install
libpgm-5.2-0:amd64				install
libphonenumber7:amd64				install
libpipeline1:amd64				install
libpixman-1-0:amd64				install
libpkcs11-helper1:amd64				install
libplacebo4:amd64				install
libplacebo7:amd64				install
libplexus-cipher-java				install
libplexus-classworlds-java			install
libplexus-component-annotations-java		install
libplexus-interpolation-java			install
libplexus-sec-dispatcher-java			install
libplexus-utils2-java				install
libplist3:amd64					install
libplot2c2:amd64				install
libplymouth4:amd64				install
libplymouth5:amd64				install
libpmem1:amd64					install
libpng16-16:amd64				install
libpolkit-agent-1-0:amd64			install
libpolkit-gobject-1-0:amd64			install
libpoppler-cpp0v5:amd64				install
libpoppler-glib8:amd64				install
libpoppler73:amd64				install
libpoppler97:amd64				install
libpopt0:amd64					install
libportaudio2:amd64				install
libpostproc54:amd64				install
libpostproc55:amd64				install
libpq5:amd64					install
libprocps6:amd64				install
libprocps8:amd64				install
libprotobuf-lite10:amd64			install
libprotobuf-lite17:amd64			install
libprotobuf10:amd64				install
libprotobuf17:amd64				install
libproxy-tools					install
libproxy1-plugin-gsettings:amd64		install
libproxy1-plugin-networkmanager:amd64		install
libproxy1v5:amd64				install
libpsl5:amd64					install
libpsm-infinipath1				deinstall
libpstoedit0c2a:amd64				install
libpthread-stubs0-dev:amd64			install
libpulse-mainloop-glib0:amd64			install
libpulse0:amd64					install
libpulsedsp:amd64				install
libpwquality-common				install
libpwquality1:amd64				install
libpython2-stdlib:amd64				install
libpython2.7:amd64				install
libpython2.7-minimal:amd64			install
libpython2.7-stdlib:amd64			install
libpython3-dev:amd64				install
libpython3-stdlib:amd64				install
libpython3.6:amd64				install
libpython3.6-dev:amd64				install
libpython3.6-minimal:amd64			install
libpython3.6-stdlib:amd64			install
libpython3.8:amd64				install
libpython3.8-dev:amd64				install
libpython3.8-minimal:amd64			install
libpython3.8-stdlib:amd64			install
libpython3.9-minimal:amd64			install
libpython3.9-stdlib:amd64			install
libqhull7:amd64					install
libqmi-glib5:amd64				install
libqmi-proxy					install
libqpdf21:amd64					install
libqpdf26:amd64					install
libqqwing2v5:amd64				install
libqrupdate1:amd64				install
libqscintilla2-qt5-13				install
libqscintilla2-qt5-15				install
libqscintilla2-qt5-l10n				install
libqt5core5a:amd64				install
libqt5dbus5:amd64				install
libqt5gui5:amd64				install
libqt5help5:amd64				install
libqt5network5:amd64				install
libqt5opengl5:amd64				install
libqt5positioning5:amd64			install
libqt5printsupport5:amd64			install
libqt5qml5:amd64				install
libqt5quick5:amd64				install
libqt5sensors5:amd64				install
libqt5sql5:amd64				install
libqt5sql5-sqlite:amd64				install
libqt5svg5:amd64				install
libqt5webchannel5:amd64				install
libqt5webkit5:amd64				install
libqt5widgets5:amd64				install
libqt5x11extras5:amd64				install
libqt5xml5:amd64				install
libquadmath0:amd64				install
librados2					install
libraptor2-0:amd64				install
librasqal3:amd64				install
libraw1394-11:amd64				install
libraw16:amd64					install
libraw19:amd64					install
librbd1						install
librdf0:amd64					install
librdmacm1:amd64				install
libreadline-dev:amd64				install
libreadline7:amd64				install
libreadline8:amd64				install
libreadonly-perl				install
libref-util-perl				install
libref-util-xs-perl				install
libreoffice-avmedia-backend-gstreamer		install
libreoffice-base-core				install
libreoffice-calc				install
libreoffice-common				install
libreoffice-core				install
libreoffice-draw				install
libreoffice-gnome				install
libreoffice-gtk3				install
libreoffice-help-common				install
libreoffice-help-en-gb				install
libreoffice-help-en-us				install
libreoffice-impress				install
libreoffice-l10n-ar				install
libreoffice-l10n-en-gb				install
libreoffice-l10n-en-za				install
libreoffice-math				install
libreoffice-ogltrans				install
libreoffice-pdfimport				install
libreoffice-style-breeze			install
libreoffice-style-colibre			install
libreoffice-style-elementary			install
libreoffice-style-galaxy			install
libreoffice-style-tango				install
libreoffice-writer				install
libresid-builder0c2a				install
librest-0.7-0:amd64				install
librevenge-0.0-0:amd64				install
librhash0:amd64					install
librhythmbox-core10:amd64			install
libridl-java					install
libroken18-heimdal:amd64			install
librole-tiny-perl				install
librsvg2-2:amd64				install
librsvg2-common:amd64				install
librsync2:amd64					install
librtmp1:amd64					install
librubberband2:amd64				install
libruby2.7:amd64				install
librygel-core-2.6-2:amd64			install
librygel-db-2.6-2:amd64				install
librygel-renderer-2.6-2:amd64			install
librygel-server-2.6-2:amd64			install
libsamplerate0:amd64				install
libsane:amd64					install
libsane-common					install
libsane-hpaio:amd64				install
libsane1:amd64					install
libsasl2-2:amd64				install
libsasl2-modules:amd64				install
libsasl2-modules-db:amd64			install
libsbc1:amd64					install
libsdl-image1.2:amd64				install
libsdl1.2debian:amd64				install
libsdl2-2.0-0:amd64				install
libseccomp2:amd64				install
libsecret-1-0:amd64				install
libsecret-common				install
libselinux1:amd64				install
libsemanage-common				install
libsemanage1:amd64				install
libsensors-config				install
libsensors4:amd64				deinstall
libsensors5:amd64				install
libsepol1:amd64					install
libserd-0-0:amd64				install
libsereal-decoder-perl				install
libsereal-encoder-perl				install
libsereal-perl					install
libsgutils2-2					install
libshine3:amd64					install
libshout3:amd64					install
libsidplay1v5:amd64				install
libsidplay2					install
libsigc++-2.0-0v5:amd64				install
libsigsegv2:amd64				install
libsisu-inject-java				install
libsisu-plexus-java				install
libslang2:amd64					install
libslf4j-java					install
libslirp0:amd64					install
libsm-dev:amd64					install
libsm6:amd64					install
libsmartcols1:amd64				install
libsmbclient:amd64				install
libsmbios-c2					install
libsnapd-glib1:amd64				install
libsnappy1v5:amd64				install
libsndfile1:amd64				install
libsndio6.1:amd64				install
libsndio7.0:amd64				install
libsnmp-base					install
libsnmp35:amd64					install
libsocket6-perl					install
libsodium23:amd64				install
libsonic0:amd64					install
libsord-0-0:amd64				install
libsoundtouch1:amd64				install
libsoup-gnome2.4-1:amd64			install
libsoup2.4-1:amd64				install
libsoxr0:amd64					install
libspandsp2:amd64				install
libspatialaudio0:amd64				install
libspectre1:amd64				install
libspeechd2:amd64				install
libspeex1:amd64					install
libspeexdsp1:amd64				install
libspice-server1:amd64				install
libsqlite3-0:amd64				install
libsratom-0-0:amd64				install
libsrt1:amd64					install
libsrtp2-1:amd64				install
libss2:amd64					install
libssh-4:amd64					install
libssh-gcrypt-4:amd64				install
libssh2-1:amd64					install
libssl-dev:amd64				install
libssl1.0.0:amd64				install
libssl1.1:amd64					install
libstartup-notification0:amd64			install
libstd-rust-1.41:amd64				install
libstdc++-7-dev:amd64				install
libstdc++-8-dev:amd64				install
libstdc++-9-dev:amd64				install
libstdc++6:amd64				install
libstdc++6:i386					install
libstemmer0d:amd64				install
libstrictures-perl				install
libstruct-dumb-perl				install
libsub-exporter-progressive-perl		install
libsub-identify-perl				install
libsub-name-perl				install
libsub-quote-perl				install
libsuitesparseconfig5:amd64			install
libswresample2:amd64				install
libswresample3:amd64				install
libswscale4:amd64				install
libswscale5:amd64				install
libsynctex2:amd64				install
libsysmetrics1:amd64				install
libsystemd0:amd64				install
libsz2:amd64					install
libtag1v5:amd64					install
libtag1v5-vanilla:amd64				install
libtalloc2:amd64				install
libtasn1-6:amd64				install
libtcl8.6:amd64					install
libtdb1:amd64					install
libteamdctl0:amd64				install
libtelepathy-glib0:amd64			install
libtepl-4-0:amd64				install
libtest-fatal-perl				install
libtest-refcount-perl				install
libtevent0:amd64				install
libtext-charwidth-perl				install
libtext-glob-perl				install
libtext-iconv-perl				install
libtext-levenshtein-perl			install
libtext-unidecode-perl				install
libtext-wrapi18n-perl				install
libthai-data					install
libthai0:amd64					install
libtheora0:amd64				install
libtie-ixhash-perl				install
libtiff5:amd64					install
libtimedate-perl				install
libtimezonemap-data				install
libtimezonemap1:amd64				install
libtinfo-dev:amd64				install
libtinfo5:amd64					install
libtinfo5:i386					install
libtinfo6:amd64					install
libtirpc-common					install
libtirpc3:amd64					install
libtool						install
libtotem-plparser-common			install
libtotem-plparser18:amd64			install
libtotem0:amd64					install
libtracker-control-2.0-0:amd64			install
libtracker-miner-2.0-0:amd64			install
libtracker-sparql-2.0-0:amd64			install
libtry-tiny-perl				install
libtsan0:amd64					install
libtss2-esys0					install
libtwolame0:amd64				install
libtype-tiny-perl				install
libtype-tiny-xs-perl				install
libtypes-serialiser-perl			install
libu2f-udev					install
libubsan0:amd64					install
libubsan1:amd64					install
libuchardet0:amd64				install
libudev1:amd64					install
libudisks2-0:amd64				install
libumfpack5:amd64				install
libunicode-utf8-perl				install
libunistring2:amd64				install
libunistring2:i386				install
libunity-control-center1			install
libunity-core-6.0-9:amd64			install
libunity-gtk2-parser0:amd64			install
libunity-gtk3-parser0:amd64			install
libunity-misc4					install
libunity-protocol-private0:amd64		install
libunity-scopes-json-def-desktop		install
libunity-settings-daemon1:amd64			install
libunity9:amd64					install
libuno-cppu3					install
libuno-cppuhelpergcc3-3				install
libuno-purpenvhelpergcc3-3			install
libuno-sal3					install
libuno-salhelpergcc3-3				install
libunoloader-java				install
libunwind8:amd64				install
libupnp13:amd64					install
libupnp6:amd64					install
libupower-glib3:amd64				install
liburi-perl					install
liburl-dispatcher1:amd64			install
libusageenvironment3:amd64			install
libusb-1.0-0:amd64				install
libusbmuxd4:amd64				install
libusbmuxd6:amd64				install
libusbredirparser1:amd64			install
libusrsctp1:amd64				install
libutempter0:amd64				install
libuuid-perl					install
libuuid1:amd64					install
libuv1:amd64					install
libuv1-dev:amd64				install
libv4l-0:amd64					install
libv4lconvert0:amd64				install
libva-drm2:amd64				install
libva-wayland2:amd64				install
libva-x11-2:amd64				install
libva2:amd64					install
libvariable-magic-perl				install
libvdpau1:amd64					install
libvidstab1.1:amd64				install
libvirglrenderer1:amd64				install
libvisio-0.1-1:amd64				install
libvisual-0.4-0:amd64				install
libvlc-bin:amd64				install
libvlc5:amd64					install
libvlccore9:amd64				install
libvncclient1:amd64				install
libvncserver1:amd64				install
libvo-aacenc0:amd64				install
libvo-amrwbenc0:amd64				install
libvolume-key1					install
libvorbis0a:amd64				install
libvorbisenc2:amd64				install
libvorbisfile3:amd64				install
libvpx5:amd64					install
libvpx6:amd64					install
libvte-2.91-0:amd64				install
libvte-2.91-common				install
libvulkan1:amd64				install
libwacom-bin					install
libwacom-common					install
libwacom2:amd64					install
libwagon-file-java				install
libwagon-http-shaded-java			install
libwagon-provider-api-java			install
libwavpack1:amd64				install
libwayland-client0:amd64			install
libwayland-cursor0:amd64			install
libwayland-egl1:amd64				install
libwayland-egl1-mesa:amd64			install
libwayland-server0:amd64			install
libwbclient0:amd64				install
libwebkit2gtk-4.0-37:amd64			install
libwebp6:amd64					install
libwebpdemux2:amd64				install
libwebpmux3:amd64				install
libwebrtc-audio-processing1:amd64		install
libwhoopsie-preferences0			install
libwhoopsie0:amd64				install
libwildmidi-config				install
libwildmidi2:amd64				install
libwind0-heimdal:amd64				install
libwinpr2-2:amd64				install
libwmf0.2-7:amd64				install
libwmf0.2-7-gtk					install
libwnck-3-0:amd64				install
libwnck-3-common				install
libwoff1:amd64					install
libwpd-0.10-10:amd64				install
libwpg-0.3-3:amd64				install
libwps-0.4-4:amd64				install
libwrap0:amd64					install
libwww-perl					install
libwww-robotrules-perl				install
libwxbase3.0-0v5:amd64				install
libwxgtk3.0-0v5:amd64				install
libwxgtk3.0-gtk3-0v5:amd64			install
libx11-6:amd64					install
libx11-data					install
libx11-dev:amd64				install
libx11-doc					install
libx11-protocol-perl				install
libx11-xcb1:amd64				install
libx264-152:amd64				install
libx264-155:amd64				install
libx265-146:amd64				install
libx265-179:amd64				install
libxapian30:amd64				install
libxapp1:amd64					install
libxatracker2:amd64				install
libxau-dev:amd64				install
libxau6:amd64					install
libxaw7:amd64					install
libxcb-cursor0:amd64				install
libxcb-dri2-0:amd64				install
libxcb-dri3-0:amd64				install
libxcb-ewmh2:amd64				install
libxcb-glx0:amd64				install
libxcb-icccm4:amd64				install
libxcb-image0:amd64				install
libxcb-keysyms1:amd64				install
libxcb-present0:amd64				install
libxcb-randr0:amd64				install
libxcb-render-util0:amd64			install
libxcb-render0:amd64				install
libxcb-res0:amd64				install
libxcb-shape0:amd64				install
libxcb-shm0:amd64				install
libxcb-sync1:amd64				install
libxcb-util1:amd64				install
libxcb-xfixes0:amd64				install
libxcb-xinerama0:amd64				install
libxcb-xinput0:amd64				install
libxcb-xkb1:amd64				install
libxcb-xrm0:amd64				install
libxcb-xtest0:amd64				install
libxcb-xv0:amd64				install
libxcb1:amd64					install
libxcb1-dev:amd64				install
libxcomposite1:amd64				install
libxcursor1:amd64				install
libxdamage1:amd64				install
libxdmcp-dev:amd64				install
libxdmcp6:amd64					install
libxen-4.9:amd64				install
libxenstore3.0:amd64				install
libxentoolcore1:amd64				install
libxext6:amd64					install
libxfixes3:amd64				install
libxfont2:amd64					install
libxft2:amd64					install
libxi6:amd64					install
libxinerama1:amd64				install
libxkbcommon-x11-0:amd64			install
libxkbcommon0:amd64				install
libxkbfile1:amd64				install
libxklavier16:amd64				install
libxml-libxml-perl				install
libxml-namespacesupport-perl			install
libxml-parser-perl				install
libxml-sax-base-perl				install
libxml-sax-expat-perl				install
libxml-sax-perl					install
libxml-simple-perl				install
libxml-twig-perl				install
libxml-writer-perl				install
libxml-xpathengine-perl				install
libxml2:amd64					install
libxmlb1:amd64					install
libxmlsec1:amd64				install
libxmlsec1-nss:amd64				install
libxmu6:amd64					install
libxmuu1:amd64					install
libxnvctrl0:amd64				install
libxpm4:amd64					install
libxrandr2:amd64				install
libxrender1:amd64				install
libxres1:amd64					install
libxshmfence1:amd64				install
libxslt1.1:amd64				install
libxss1:amd64					install
libxt-dev:amd64					install
libxt6:amd64					install
libxtables12:amd64				install
libxtst6:amd64					install
libxv1:amd64					install
libxvidcore4:amd64				install
libxvmc1:amd64					install
libxxf86dga1:amd64				install
libxxf86vm1:amd64				install
libyajl2:amd64					install
libyaml-0-2:amd64				install
libyaml-libyaml-perl				install
libyaml-tiny-perl				install
libyelp0:amd64					install
libytnef0:amd64					install
libzbar0:amd64					install
libzeitgeist-1.0-1:amd64			install
libzeitgeist-2.0-0:amd64			install
libzip4:amd64					install
libzip5:amd64					install
libzmq5:amd64					install
libzstd1:amd64					install
libzvbi-common					install
libzvbi0:amd64					install
light-themes					install
lightdm						install
lintian						install
linux-base					install
linux-firmware					install
linux-generic					install
linux-headers-5.4.0-62				install
linux-headers-5.4.0-62-generic			install
linux-headers-5.4.0-65				install
linux-headers-5.4.0-65-generic			install
linux-headers-generic				install
linux-image-4.15.0-101-generic			deinstall
linux-image-4.15.0-106-generic			deinstall
linux-image-4.15.0-108-generic			deinstall
linux-image-4.15.0-109-generic			deinstall
linux-image-4.15.0-111-generic			deinstall
linux-image-4.15.0-112-generic			deinstall
linux-image-4.15.0-115-generic			deinstall
linux-image-4.15.0-117-generic			deinstall
linux-image-4.15.0-118-generic			deinstall
linux-image-4.15.0-29-generic			deinstall
linux-image-4.15.0-43-generic			deinstall
linux-image-4.15.0-46-generic			deinstall
linux-image-4.15.0-66-generic			deinstall
linux-image-4.15.0-70-generic			deinstall
linux-image-4.15.0-72-generic			deinstall
linux-image-4.15.0-74-generic			deinstall
linux-image-4.15.0-76-generic			deinstall
linux-image-4.15.0-88-generic			deinstall
linux-image-4.15.0-91-generic			deinstall
linux-image-4.15.0-96-generic			deinstall
linux-image-4.15.0-99-generic			deinstall
linux-image-5.4.0-48-generic			deinstall
linux-image-5.4.0-51-generic			deinstall
linux-image-5.4.0-52-generic			deinstall
linux-image-5.4.0-53-generic			deinstall
linux-image-5.4.0-54-generic			deinstall
linux-image-5.4.0-56-generic			deinstall
linux-image-5.4.0-58-generic			deinstall
linux-image-5.4.0-59-generic			deinstall
linux-image-5.4.0-60-generic			deinstall
linux-image-5.4.0-62-generic			install
linux-image-5.4.0-65-generic			install
linux-image-generic				install
linux-libc-dev:amd64				install
linux-modules-4.15.0-101-generic		deinstall
linux-modules-4.15.0-106-generic		deinstall
linux-modules-4.15.0-108-generic		deinstall
linux-modules-4.15.0-109-generic		deinstall
linux-modules-4.15.0-111-generic		deinstall
linux-modules-4.15.0-112-generic		deinstall
linux-modules-4.15.0-115-generic		deinstall
linux-modules-4.15.0-117-generic		deinstall
linux-modules-4.15.0-118-generic		deinstall
linux-modules-4.15.0-29-generic			deinstall
linux-modules-4.15.0-43-generic			deinstall
linux-modules-4.15.0-46-generic			deinstall
linux-modules-4.15.0-66-generic			deinstall
linux-modules-4.15.0-70-generic			deinstall
linux-modules-4.15.0-72-generic			deinstall
linux-modules-4.15.0-74-generic			deinstall
linux-modules-4.15.0-76-generic			deinstall
linux-modules-4.15.0-88-generic			deinstall
linux-modules-4.15.0-91-generic			deinstall
linux-modules-4.15.0-96-generic			deinstall
linux-modules-4.15.0-99-generic			deinstall
linux-modules-5.4.0-48-generic			deinstall
linux-modules-5.4.0-51-generic			deinstall
linux-modules-5.4.0-52-generic			deinstall
linux-modules-5.4.0-53-generic			deinstall
linux-modules-5.4.0-54-generic			deinstall
linux-modules-5.4.0-56-generic			deinstall
linux-modules-5.4.0-58-generic			deinstall
linux-modules-5.4.0-59-generic			deinstall
linux-modules-5.4.0-60-generic			deinstall
linux-modules-5.4.0-62-generic			install
linux-modules-5.4.0-65-generic			install
linux-modules-extra-4.15.0-101-generic		deinstall
linux-modules-extra-4.15.0-106-generic		deinstall
linux-modules-extra-4.15.0-108-generic		deinstall
linux-modules-extra-4.15.0-109-generic		deinstall
linux-modules-extra-4.15.0-111-generic		deinstall
linux-modules-extra-4.15.0-112-generic		deinstall
linux-modules-extra-4.15.0-115-generic		deinstall
linux-modules-extra-4.15.0-117-generic		deinstall
linux-modules-extra-4.15.0-118-generic		deinstall
linux-modules-extra-4.15.0-29-generic		deinstall
linux-modules-extra-4.15.0-43-generic		deinstall
linux-modules-extra-4.15.0-46-generic		deinstall
linux-modules-extra-4.15.0-66-generic		deinstall
linux-modules-extra-4.15.0-70-generic		deinstall
linux-modules-extra-4.15.0-72-generic		deinstall
linux-modules-extra-4.15.0-74-generic		deinstall
linux-modules-extra-4.15.0-76-generic		deinstall
linux-modules-extra-4.15.0-88-generic		deinstall
linux-modules-extra-4.15.0-91-generic		deinstall
linux-modules-extra-4.15.0-96-generic		deinstall
linux-modules-extra-4.15.0-99-generic		deinstall
linux-modules-extra-5.4.0-48-generic		deinstall
linux-modules-extra-5.4.0-51-generic		deinstall
linux-modules-extra-5.4.0-52-generic		deinstall
linux-modules-extra-5.4.0-53-generic		deinstall
linux-modules-extra-5.4.0-54-generic		deinstall
linux-modules-extra-5.4.0-56-generic		deinstall
linux-modules-extra-5.4.0-58-generic		deinstall
linux-modules-extra-5.4.0-59-generic		deinstall
linux-modules-extra-5.4.0-60-generic		deinstall
linux-modules-extra-5.4.0-62-generic		install
linux-modules-extra-5.4.0-65-generic		install
linux-signed-generic				install
linux-sound-base				install
llvm-8						install
llvm-8-dev					install
llvm-8-runtime					install
locales						install
login						install
logrotate					install
logsave						install
lp-solve					install
lsb-base					install
lsb-release					install
lshw						install
lsof						install
ltrace						install
lua-lpeg:amd64					install
lxappearance					install
lxde-settings-daemon				install
lz4						install
m4						install
make						install
man-db						install
manpages					install
manpages-dev					install
maven						install
mawk						install
media-player-info				install
memtest86+					install
mesa-va-drivers:amd64				install
mesa-vdpau-drivers:amd64			install
mesa-vulkan-drivers:amd64			install
metacity-common					install
mime-support					install
mlocate						install
mobile-broadband-provider-info			install
modemmanager					install
mokutil						install
mount						install
mousetweaks					install
mpich						install
mpv						install
mscompress					install
msr-tools					install
mtools						install
mtr-tiny					install
multiarch-support				install
mutter						install
mutter-common					install
mysql-common					install
mythes-ar					install
mythes-en-au					install
mythes-en-us					install
nano						install
nautilus					install
nautilus-data					install
nautilus-extension-gnome-terminal		install
nautilus-sendto					install
nautilus-share					install
ncurses-base					install
ncurses-bin					install
ncurses-term					install
nemo						install
nemo-data					install
nemo-fileroller					install
net-tools					install
netbase						install
netcat-openbsd					install
netpbm						install
netplan.io					install
netstandard-targeting-pack-2.1			install
network-manager					install
network-manager-config-connectivity-ubuntu	install
network-manager-gnome				install
network-manager-openvpn				install
network-manager-openvpn-gnome			install
network-manager-pptp				install
network-manager-pptp-gnome			install
networkd-dispatcher				install
nmap						install
nmap-common					install
nnn						install
node-abbrev					install
node-ajv					install
node-ansi					install
node-ansi-align					install
node-ansi-color-table				install
node-ansi-regex					install
node-ansi-styles				install
node-ansistyles					install
node-aproba					install
node-archy					install
node-are-we-there-yet				install
node-asap					install
node-asn1					install
node-assert-plus				install
node-async					install
node-asynckit					install
node-aws-sign2					install
node-aws4					install
node-balanced-match				install
node-bcrypt-pbkdf				install
node-bl						install
node-block-stream				install
node-bluebird					install
node-boxen					install
node-brace-expansion				install
node-builtin-modules				install
node-builtins					install
node-cacache					install
node-call-limit					install
node-camelcase					install
node-caseless					install
node-chalk					install
node-chownr					install
node-ci-info					install
node-cli-boxes					install
node-cliui					install
node-clone					install
node-co						install
node-color-convert				install
node-color-name					install
node-colors					install
node-columnify					install
node-combined-stream				install
node-concat-map					install
node-concat-stream				install
node-config-chain				install
node-configstore				install
node-console-control-strings			install
node-cookie-jar					install
node-copy-concurrently				install
node-core-util-is				install
node-cross-spawn				install
node-crypto-random-string			install
node-cyclist					install
node-dashdash					install
node-debug					install
node-decamelize					install
node-decompress-response			install
node-deep-extend				install
node-defaults					install
node-define-properties				install
node-delayed-stream				install
node-delegates					install
node-detect-indent				install
node-detect-newline				install
node-dot-prop					install
node-duplexer3					install
node-duplexify					install
node-ecc-jsbn					install
node-editor					install
node-encoding					install
node-end-of-stream				install
node-err-code					install
node-errno					install
node-es6-promise				install
node-escape-string-regexp			install
node-execa					install
node-extend					install
node-extsprintf					install
node-fast-deep-equal				install
node-find-up					install
node-flush-write-stream				install
node-forever-agent				install
node-form-data					install
node-from2					install
node-fs-vacuum					install
node-fs-write-stream-atomic			install
node-fs.realpath				install
node-fstream					install
node-fstream-ignore				install
node-function-bind				install
node-gauge					install
node-genfun					install
node-get-caller-file				install
node-get-stream					install
node-getpass					install
node-github-url-from-git			install
node-glob					install
node-got					install
node-graceful-fs				install
node-gyp					install
node-har-schema					install
node-har-validator				install
node-has-flag					install
node-has-symbol-support-x			install
node-has-to-string-tag-x			install
node-has-unicode				install
node-hosted-git-info				install
node-http-signature				install
node-iconv-lite					install
node-iferr					install
node-import-lazy				install
node-imurmurhash				install
node-inflight					install
node-inherits					install
node-ini					install
node-invert-kv					install
node-ip						install
node-ip-regex					install
node-is-builtin-module				install
node-is-npm					install
node-is-obj					install
node-is-object					install
node-is-path-inside				install
node-is-plain-obj				install
node-is-retry-allowed				install
node-is-stream					install
node-is-typedarray				install
node-isarray					install
node-isexe					install
node-isstream					install
node-isurl					install
node-jsbn					install
node-json-parse-better-errors			install
node-json-schema				install
node-json-schema-traverse			install
node-json-stable-stringify			install
node-json-stringify-safe			install
node-jsonify					install
node-jsonparse					install
node-jsonstream					install
node-jsprim					install
node-latest-version				install
node-lazy-property				install
node-lcid					install
node-libnpx					install
node-locate-path				install
node-lockfile					install
node-lodash					install
node-lodash-packages				install
node-lowercase-keys				install
node-lru-cache					install
node-make-dir					install
node-mem					install
node-mime					install
node-mime-types					install
node-mimic-fn					install
node-mimic-response				install
node-minimatch					install
node-minimist					install
node-mississippi				install
node-mkdirp					install
node-move-concurrently				install
node-ms						install
node-mute-stream				install
node-node-uuid					install
node-nopt					install
node-normalize-package-data			install
node-npm-bundled				install
node-npm-package-arg				install
node-npm-run-path				install
node-npmlog					install
node-number-is-nan				install
node-oauth-sign					install
node-object-assign				install
node-once					install
node-opener					install
node-os-locale					install
node-os-tmpdir					install
node-osenv					install
node-p-cancelable				install
node-p-finally					install
node-p-is-promise				install
node-p-limit					install
node-p-locate					install
node-p-timeout					install
node-package-json				install
node-parallel-transform				install
node-path-exists				install
node-path-is-absolute				install
node-path-is-inside				install
node-performance-now				install
node-pify					install
node-prepend-http				install
node-process-nextick-args			install
node-promise-inflight				install
node-promise-retry				install
node-promzard					install
node-proto-list					install
node-prr					install
node-pseudomap					install
node-psl					install
node-pump					install
node-pumpify					install
node-punycode					install
node-qs						install
node-qw						install
node-rc						install
node-read					install
node-read-package-json				install
node-readable-stream				install
node-registry-auth-token			install
node-registry-url				install
node-request					install
node-require-directory				install
node-require-main-filename			install
node-resolve					install
node-resolve-from				install
node-retry					install
node-rimraf					install
node-run-queue					install
node-safe-buffer				install
node-semver					install
node-semver-diff				install
node-set-blocking				install
node-sha					install
node-shebang-command				install
node-shebang-regex				install
node-signal-exit				install
node-slash					install
node-slide					install
node-sorted-object				install
node-spdx-correct				install
node-spdx-exceptions				install
node-spdx-expression-parse			install
node-spdx-license-ids				install
node-sshpk					install
node-ssri					install
node-stream-each				install
node-stream-iterate				install
node-stream-shift				install
node-strict-uri-encode				install
node-string-decoder				install
node-string-width				install
node-strip-ansi					install
node-strip-eof					install
node-strip-json-comments			install
node-supports-color				install
node-tar					install
node-term-size					install
node-text-table					install
node-through					install
node-through2					install
node-timed-out					install
node-tough-cookie				install
node-tunnel-agent				install
node-tweetnacl					install
node-typedarray					install
node-typedarray-to-buffer			install
node-uid-number					install
node-underscore					install
node-unique-filename				install
node-unique-string				install
node-unpipe					install
node-uri-js					install
node-url-parse-lax				install
node-url-to-options				install
node-util-deprecate				install
node-uuid					install
node-validate-npm-package-license		install
node-validate-npm-package-name			install
node-verror					install
node-wcwidth.js					install
node-which					install
node-which-module				install
node-wide-align					install
node-widest-line				install
node-wrap-ansi					install
node-wrappy					install
node-write-file-atomic				install
node-xdg-basedir				install
node-xtend					install
node-y18n					install
node-yallist					install
node-yargs					install
node-yargs-parser				install
nodejs						install
nodejs-doc					install
notification-daemon				install
notify-osd					install
notify-osd-icons				install
nplan						install
npm						install
ntfs-3g						install
nux-tools					install
ocl-icd-libopencl1:amd64			install
octave						install
octave-common					install
octave-doc					install
onboard						install
onboard-common					install
onboard-data					install
openjdk-11-jdk:amd64				install
openjdk-11-jdk-headless:amd64			install
openjdk-11-jre:amd64				install
openjdk-11-jre-headless:amd64			install
openjdk-8-jdk:amd64				install
openjdk-8-jdk-headless:amd64			install
openjdk-8-jre:amd64				install
openjdk-8-jre-headless:amd64			install
openmpi-bin					deinstall
openprinting-ppds				install
openssh-client					install
openssh-server					install
openssh-sftp-server				install
openssl						install
openvpn						install
orca						install
os-prober					install
overlay-scrollbar				install
overlay-scrollbar-gtk2:amd64			install
ovmf						install
p11-kit						install
p11-kit-modules:amd64				install
packagekit					install
packagekit-tools				install
packages-microsoft-prod				install
parted						install
passwd						install
patch						install
patchutils					install
pavucontrol					install
pci.ids						install
pciutils					install
pcmciautils					install
perl						install
perl-base					install
perl-modules-5.30				install
perl-openssl-defaults:amd64			install
pgadmin4-apache2				deinstall
pgadmin4-doc					install
pgdg-keyring					install
phantomjs					install
pigz						install
pinentry-curses					install
pinentry-gnome3					install
pkg-config					install
playerctl					install
plymouth					install
plymouth-label					install
plymouth-theme-spinner				install
plymouth-theme-ubuntu-logo			install
plymouth-theme-ubuntu-text			install
policykit-1					install
policykit-1-gnome				install
policykit-desktop-privileges			install
poppler-data					install
poppler-utils					install
popularity-contest				install
postgresql					install
postgresql-10					install
postgresql-12					install
postgresql-13					install
postgresql-client-10				install
postgresql-client-12				install
postgresql-client-13				install
postgresql-client-common			install
postgresql-common				install
postgresql-contrib				install
powermgmt-base					install
ppa-purge					install
ppp						install
pppconfig					install
pppoeconf					install
pptp-linux					install
printer-driver-brlaser				install
printer-driver-c2esp				install
printer-driver-foo2zjs				install
printer-driver-foo2zjs-common			install
printer-driver-gutenprint			install
printer-driver-hpcups				install
printer-driver-m2300w				install
printer-driver-min12xxw				install
printer-driver-pnm2ppa				install
printer-driver-postscript-hp			install
printer-driver-ptouch				install
printer-driver-pxljr				install
printer-driver-sag-gdi				install
printer-driver-splix				install
procps						install
psmisc						install
pstoedit					install
publicsuffix					install
pulseaudio					install
pulseaudio-module-bluetooth			install
pulseaudio-utils				install
putty-tools					install
python						deinstall
python-apt-common				install
python-babel-localedata				install
python-is-python2				install
python-pip-whl					install
python-pkg-resources				install
python-talloc					install
python-yaml					install
python2						install
python2-minimal					install
python2.7					install
python2.7-minimal				install
python3						install
python3-alembic					install
python3-apport					install
python3-apt					install
python3-aptdaemon				install
python3-aptdaemon.gtk3widgets			install
python3-asn1crypto				install
python3-babel					install
python3-bcrypt					install
python3-blinker					install
python3-brlapi:amd64				install
python3-cairo:amd64				install
python3-certifi					install
python3-cffi-backend				install
python3-chardet					install
python3-click					install
python3-colorama				install
python3-commandnotfound				install
python3-crypto					install
python3-cryptography				install
python3-cups					install
python3-cupshelpers				install
python3-dateutil				install
python3-dbus					install
python3-debconf					install
python3-debian					install
python3-defer					install
python3-dev					install
python3-distro					install
python3-distro-info				install
python3-distupgrade				install
python3-distutils				install
python3-entrypoints				install
python3-fasteners				install
python3-flask					install
python3-flask-babelex				install
python3-flask-compress				install
python3-flask-gravatar				install
python3-flask-login				install
python3-flask-mail				install
python3-flask-migrate				install
python3-flask-paranoid				install
python3-flask-principal				install
python3-flask-security				install
python3-flask-sqlalchemy			install
python3-flaskext.wtf				install
python3-future					install
python3-gdbm:amd64				install
python3-gi					install
python3-gi-cairo				install
python3-httplib2				install
python3-ibus-1.0				install
python3-idna					install
python3-itsdangerous				install
python3-jinja2					install
python3-jwt					install
python3-keyring					install
python3-keyrings.alt				install
python3-launchpadlib				install
python3-lazr.restfulclient			install
python3-lazr.uri				install
python3-ldap3					install
python3-lib2to3					install
python3-lockfile				install
python3-louis					install
python3-macaroonbakery				install
python3-mako					install
python3-markupsafe				install
python3-minimal					install
python3-monotonic				install
python3-nacl					install
python3-netifaces				install
python3-oauth					install
python3-oauthlib				install
python3-olefile					install
python3-openssl					install
python3-paramiko				install
python3-passlib					install
python3-pexpect					install
python3-pil:amd64				install
python3-pip					install
python3-pkg-resources				install
python3-problem-report				install
python3-protobuf				install
python3-psutil					install
python3-ptyprocess				install
python3-pyasn1					install
python3-pyatspi					install
python3-pyinotify				install
python3-pymacaroons				install
python3-pyxattr					install
python3-renderpm:amd64				install
python3-reportlab				install
python3-reportlab-accel:amd64			install
python3-requests				install
python3-requests-unixsocket			install
python3-rfc3339					install
python3-secretstorage				install
python3-setuptools				install
python3-simplejson				install
python3-six					install
python3-software-properties			install
python3-speaklater				install
python3-speechd					install
python3-sqlalchemy				install
python3-sqlalchemy-ext				install
python3-sqlparse				install
python3-sshtunnel				install
python3-systemd					install
python3-talloc:amd64				install
python3-tz					install
python3-uno					install
python3-update-manager				install
python3-urllib3					install
python3-wadllib					install
python3-werkzeug				install
python3-wheel					install
python3-wtforms					install
python3-xdg					install
python3-xkit					install
python3-yaml					install
python3-zope.interface				install
python3.6					install
python3.6-dev					install
python3.6-minimal				install
python3.8					install
python3.8-dev					install
python3.8-minimal				install
python3.9					install
python3.9-minimal				install
qemu-block-extra:amd64				install
qemu-kvm					install
qemu-system-common				install
qemu-system-data				install
qemu-system-gui:amd64				install
qemu-system-x86					install
qemu-utils					install
qpdf						install
qt5-gtk-platformtheme:amd64			install
qttranslations5-l10n				install
rake						install
readline-common					install
remmina						install
remmina-common					install
remmina-plugin-rdp:amd64			install
remmina-plugin-secret:amd64			install
remmina-plugin-vnc:amd64			install
resolvconf					install
rfkill						install
rhythmbox					install
rhythmbox-data					install
rhythmbox-plugin-alternative-toolbar		install
rhythmbox-plugin-zeitgeist			install
rhythmbox-plugins				install
rofi						install
rpcbind						install
rsync						install
rsyslog						install
rtkit						install
rtmpdump					install
ruby						install
ruby-json					install
ruby-minitest					install
ruby-net-telnet					install
ruby-power-assert				install
ruby-test-unit					install
ruby-xmlrpc					install
ruby2.7						install
rubygems-integration				install
rust-gdb					install
rygel						install
samba-libs:amd64				install
sane-utils					install
sbsigntool					install
sbt						install
scala						install
scala-library					install
scala-parser-combinators			install
scala-xml					install
scrot						install
seabios						install
seahorse					install
secureboot-db					install
sed						install
sensible-utils					install
session-migration				install
session-shortcuts				install
sgml-base					install
sgml-data					install
shared-mime-info				install
sharutils					install
shim						install
shim-signed					install
shotwell					install
shotwell-common					install
simple-scan					install
sl						install
snapd						install
software-properties-common			install
software-properties-gtk				install
sound-icons					install
sound-theme-freedesktop				install
speech-dispatcher				install
speech-dispatcher-audio-plugins:amd64		install
speech-dispatcher-espeak-ng			install
spice-vdagent					install
squashfs-tools					install
ssh-import-id					install
ssl-cert					install
strace						install
suckless-tools					install
sudo						install
swi-prolog					install
swi-prolog-nox					install
swi-prolog-x					install
switcheroo-control				install
synaptic					install
syslinux					install
syslinux-common					install
syslinux-legacy					install
sysstat						install
system-config-printer				install
system-config-printer-common			install
system-config-printer-udev			install
system-tools-backends				install
systemd						install
systemd-sysv					install
systemd-timesyncd				install
sysvinit-utils					install
t1utils						install
tar						install
tcl						install
tcl8.6						install
tcpdump						install
teams						install
telnet						install
tex-common					install
texinfo						install
thermald					install
thunderbird					install
thunderbird-gnome-support			install
thunderbird-locale-ar				install
thunderbird-locale-en				install
thunderbird-locale-en-gb			install
thunderbird-locale-en-us			install
time						install
timgm6mb-soundfont				install
tldr						install
tomcat8						deinstall
tomcat9						deinstall
totem						install
totem-common					install
totem-plugins					install
tpm-udev					install
tracker						install
tracker-extract					install
tracker-miner-fs				install
transmission-common				install
transmission-gtk				install
tree						install
ttf-mscorefonts-installer			install
tzdata						install
ubuntu-advantage-tools				install
ubuntu-artwork					install
ubuntu-desktop					install
ubuntu-desktop-minimal				install
ubuntu-docs					install
ubuntu-drivers-common				install
ubuntu-keyring					install
ubuntu-minimal					install
ubuntu-mono					install
ubuntu-release-upgrader-core			install
ubuntu-release-upgrader-gtk			install
ubuntu-report					install
ubuntu-restricted-addons			install
ubuntu-restricted-extras			install
ubuntu-session					install
ubuntu-settings					install
ubuntu-software					install
ubuntu-sounds					install
ubuntu-standard					install
ubuntu-system-service				install
ubuntu-touch-sounds				install
ubuntu-wallpapers				install
ubuntu-wallpapers-bionic			install
ubuntu-wallpapers-focal				install
ucf						install
udev						install
udisks2						install
ufw						install
unattended-upgrades				install
unity						install
unity-accessibility-profiles			install
unity-asset-pool				install
unity-control-center				install
unity-greeter					install
unity-gtk-module-common				install
unity-gtk2-module:amd64				install
unity-gtk3-module:amd64				install
unity-lens-applications				install
unity-lens-files				install
unity-schemas					install
unity-scope-home				install
unity-scopes-master-default			install
unity-scopes-runner				install
unity-services					install
unity-session					install
unity-settings-daemon				install
unity-settings-daemon-schemas			install
uno-libs-private				install
unrar						install
unzip						install
update-inetd					install
update-manager					install
update-manager-core				install
update-notifier					install
update-notifier-common				install
upower						install
ure						install
ureadahead					deinstall
usb-creator-common				install
usb-creator-gtk					install
usb-modeswitch					install
usb-modeswitch-data				install
usb.ids						install
usbmuxd						install
usbutils					install
util-linux					install
uuid-runtime					install
va-driver-all:amd64				install
valgrind					install
vdpau-driver-all:amd64				install
vim						install
vim-common					install
vim-runtime					install
vim-tiny					install
vino						install
virtualbox					install
virtualbox-dkms					install
virtualbox-qt					install
vlc						install
vlc-bin						install
vlc-data					install
vlc-l10n					install
vlc-plugin-base:amd64				install
vlc-plugin-notify:amd64				install
vlc-plugin-qt:amd64				install
vlc-plugin-samba:amd64				install
vlc-plugin-skins2:amd64				install
vlc-plugin-video-output:amd64			install
vlc-plugin-video-splitter:amd64			install
vlc-plugin-visualization:amd64			install
wamerican					install
wbritish					install
wget						install
whiptail					install
whoopsie					install
whoopsie-preferences				install
wireless-regdb					install
wireless-tools					install
wpasupplicant					install
x11-apps					install
x11-common					install
x11-session-utils				install
x11-utils					install
x11-xkb-utils					install
x11-xserver-utils				install
x11proto-core-dev				install
x11proto-dev					install
xapps-common					install
xauth						install
xbitmaps					install
xbrlapi						install
xcursor-themes					install
xdg-dbus-proxy					install
xdg-desktop-portal				install
xdg-desktop-portal-gtk				install
xdg-user-dirs					install
xdg-user-dirs-gtk				install
xdg-utils					install
xfonts-base					install
xfonts-encodings				install
xfonts-scalable					install
xfonts-utils					install
xinit						install
xinput						install
xkb-data					install
xml-core					install
xorg						install
xorg-docs-core					install
xorg-sgml-doctools				install
xserver-common					install
xserver-xephyr					install
xserver-xorg					install
xserver-xorg-core				install
xserver-xorg-input-all				install
xserver-xorg-input-libinput			install
xserver-xorg-input-synaptics			install
xserver-xorg-input-wacom			install
xserver-xorg-legacy				install
xserver-xorg-video-all				install
xserver-xorg-video-amdgpu			install
xserver-xorg-video-ati				install
xserver-xorg-video-fbdev			install
xserver-xorg-video-intel			install
xserver-xorg-video-nouveau			install
xserver-xorg-video-qxl				install
xserver-xorg-video-radeon			install
xserver-xorg-video-vesa				install
xserver-xorg-video-vmware			install
xterm						install
xtrans-dev					install
xul-ext-ubufox					install
xwayland					install
xxd						install
xz-utils					install
yaru-theme-gnome-shell				install
yaru-theme-gtk					install
yaru-theme-icon					install
yaru-theme-sound				install
yelp						install
yelp-xsl					install
youtube-dl					install
yudit-common					install
zeitgeist-core					install
zeitgeist-datahub				install
zenity						install
zenity-common					install
zip						install
zlib1g:amd64					install
zlib1g-dev:amd64				install
zoom						install
